  2024-04-03T23:29:42.824 StandardVLBI FS[BB_1] useUSB:true 12GHz:false sbPrf:NONE CFreq: 252000000000.0 (SB)
  2024-04-03T23:29:42.825 StandardVLBI FS[BB_2] useUSB:true 12GHz:false sbPrf:NONE CFreq: 254000000000.0 (SB)
  2024-04-03T23:29:42.825 StandardVLBI FS[BB_3] useUSB:true 12GHz:false sbPrf:NONE CFreq: 266000000000.0 (SB)
  2024-04-03T23:29:42.825 StandardVLBI FS[BB_4] useUSB:true 12GHz:false sbPrf:NONE CFreq: 268000000000.0 (SB)
  2024-04-03T23:29:42.829 StandardVLBI FS[BB_1] useUSB:true 12GHz:false sbPrf:NONE CFreq: 214250000000.09998 (SB)
  2024-04-03T23:29:42.830 StandardVLBI FS[BB_2] useUSB:true 12GHz:false sbPrf:NONE CFreq: 216249999999.90002 (SB)
  2024-04-03T23:29:42.830 StandardVLBI FS[BB_3] useUSB:true 12GHz:false sbPrf:NONE CFreq: 230250000000.09998 (SB)
  2024-04-03T23:29:42.830 StandardVLBI FS[BB_4] useUSB:true 12GHz:false sbPrf:NONE CFreq: 232249999999.90002 (SB)
  2024-04-03T23:29:43.308 StandardVLBI ########## VEX SCHEDULE for Exp e24b04 with 7 scans ##########
  2024-04-03T23:29:55.358 StandardVLBI HW FS[BB_1] useUSB:false 12GHz:true sbPrf:LSB CFreq: 214250000000.09998 (HW)
  2024-04-03T23:29:55.359 StandardVLBI HW FS[BB_2] useUSB:false 12GHz:false sbPrf:LSB CFreq: 216250000000.0 (HW)
  2024-04-03T23:29:55.360 StandardVLBI HW FS[BB_3] useUSB:true 12GHz:false sbPrf:USB CFreq: 230250000000.09998 (HW)
  2024-04-03T23:29:55.361 StandardVLBI HW FS[BB_4] useUSB:true 12GHz:true sbPrf:USB CFreq: 232250000000.0 (HW)
  2024-04-03T23:29:55.541 StandardVLBI HW FS[BB_1] useUSB:false 12GHz:true sbPrf:LSB CFreq: 252000000000.0 (HW)
  2024-04-03T23:29:55.542 StandardVLBI HW FS[BB_2] useUSB:false 12GHz:false sbPrf:LSB CFreq: 254000000000.0 (HW)
  2024-04-03T23:29:55.542 StandardVLBI HW FS[BB_3] useUSB:true 12GHz:false sbPrf:USB CFreq: 266000000000.0 (HW)
  2024-04-03T23:29:55.543 StandardVLBI HW FS[BB_4] useUSB:true 12GHz:true sbPrf:USB CFreq: 268000000000.0 (HW)
  2024-04-04T01:04:36.093 StandardVLBI FS[BB_1] useUSB:true 12GHz:false sbPrf:NONE CFreq: 252000000000.0 (SB)
  2024-04-04T01:04:36.096 StandardVLBI FS[BB_2] useUSB:true 12GHz:false sbPrf:NONE CFreq: 254000000000.0 (SB)
  2024-04-04T01:04:36.096 StandardVLBI FS[BB_3] useUSB:true 12GHz:false sbPrf:NONE CFreq: 266000000000.0 (SB)
  2024-04-04T01:04:36.096 StandardVLBI FS[BB_4] useUSB:true 12GHz:false sbPrf:NONE CFreq: 268000000000.0 (SB)
  2024-04-04T01:04:36.098 StandardVLBI FS[BB_1] useUSB:true 12GHz:false sbPrf:NONE CFreq: 214250000000.09998 (SB)
  2024-04-04T01:04:36.101 StandardVLBI FS[BB_2] useUSB:true 12GHz:false sbPrf:NONE CFreq: 216249999999.90002 (SB)
  2024-04-04T01:04:36.101 StandardVLBI FS[BB_3] useUSB:true 12GHz:false sbPrf:NONE CFreq: 230250000000.09998 (SB)
  2024-04-04T01:04:36.101 StandardVLBI FS[BB_4] useUSB:true 12GHz:false sbPrf:NONE CFreq: 232249999999.90002 (SB)
  2024-04-04T01:04:36.570 StandardVLBI ########## VEX SCHEDULE for Exp e24b04 with 7 scans ##########
  2024-04-04T01:04:52.583 StandardVLBI HW FS[BB_1] useUSB:false 12GHz:true sbPrf:LSB CFreq: 214250000000.09998 (HW)
  2024-04-04T01:04:52.584 StandardVLBI HW FS[BB_2] useUSB:false 12GHz:false sbPrf:LSB CFreq: 216250000000.0 (HW)
  2024-04-04T01:04:52.585 StandardVLBI HW FS[BB_3] useUSB:true 12GHz:false sbPrf:USB CFreq: 230250000000.09998 (HW)
  2024-04-04T01:04:52.586 StandardVLBI HW FS[BB_4] useUSB:true 12GHz:true sbPrf:USB CFreq: 232250000000.0 (HW)
  2024-04-04T01:04:52.779 StandardVLBI HW FS[BB_1] useUSB:false 12GHz:true sbPrf:LSB CFreq: 252000000000.0 (HW)
  2024-04-04T01:04:52.780 StandardVLBI HW FS[BB_2] useUSB:false 12GHz:false sbPrf:LSB CFreq: 254000000000.0 (HW)
  2024-04-04T01:04:52.781 StandardVLBI HW FS[BB_3] useUSB:true 12GHz:false sbPrf:USB CFreq: 266000000000.0 (HW)
  2024-04-04T01:04:52.782 StandardVLBI HW FS[BB_4] useUSB:true 12GHz:true sbPrf:USB CFreq: 268000000000.0 (HW)
  2024-04-04T02:06:20.125 StandardVLBI FS[BB_1] useUSB:true 12GHz:false sbPrf:NONE CFreq: 252000000000.0 (SB)
  2024-04-04T02:06:20.125 StandardVLBI FS[BB_2] useUSB:true 12GHz:false sbPrf:NONE CFreq: 254000000000.0 (SB)
  2024-04-04T02:06:20.126 StandardVLBI FS[BB_3] useUSB:true 12GHz:false sbPrf:NONE CFreq: 266000000000.0 (SB)
  2024-04-04T02:06:20.126 StandardVLBI FS[BB_4] useUSB:true 12GHz:false sbPrf:NONE CFreq: 268000000000.0 (SB)
  2024-04-04T02:06:20.131 StandardVLBI FS[BB_1] useUSB:true 12GHz:false sbPrf:NONE CFreq: 214250000000.09998 (SB)
  2024-04-04T02:06:20.131 StandardVLBI FS[BB_2] useUSB:true 12GHz:false sbPrf:NONE CFreq: 216249999999.90002 (SB)
  2024-04-04T02:06:20.132 StandardVLBI FS[BB_3] useUSB:true 12GHz:false sbPrf:NONE CFreq: 230250000000.09998 (SB)
  2024-04-04T02:06:20.132 StandardVLBI FS[BB_4] useUSB:true 12GHz:false sbPrf:NONE CFreq: 232249999999.90002 (SB)
  2024-04-04T02:06:20.610 StandardVLBI ########## VEX SCHEDULE for Exp e24b04 with 6 scans ##########
  2024-04-04T02:06:32.810 StandardVLBI HW FS[BB_1] useUSB:false 12GHz:true sbPrf:LSB CFreq: 214250000000.09998 (HW)
  2024-04-04T02:06:32.811 StandardVLBI HW FS[BB_2] useUSB:false 12GHz:false sbPrf:LSB CFreq: 216250000000.0 (HW)
  2024-04-04T02:06:32.811 StandardVLBI HW FS[BB_3] useUSB:true 12GHz:false sbPrf:USB CFreq: 230250000000.09998 (HW)
  2024-04-04T02:06:32.812 StandardVLBI HW FS[BB_4] useUSB:true 12GHz:true sbPrf:USB CFreq: 232250000000.0 (HW)
  2024-04-04T02:06:33.014 StandardVLBI HW FS[BB_1] useUSB:false 12GHz:true sbPrf:LSB CFreq: 252000000000.0 (HW)
  2024-04-04T02:06:33.015 StandardVLBI HW FS[BB_2] useUSB:false 12GHz:false sbPrf:LSB CFreq: 254000000000.0 (HW)
  2024-04-04T02:06:33.016 StandardVLBI HW FS[BB_3] useUSB:true 12GHz:false sbPrf:USB CFreq: 266000000000.0 (HW)
  2024-04-04T02:06:33.017 StandardVLBI HW FS[BB_4] useUSB:true 12GHz:true sbPrf:USB CFreq: 268000000000.0 (HW)
  2024-04-04T02:58:21.855 StandardVLBI FS[BB_1] useUSB:true 12GHz:false sbPrf:NONE CFreq: 252000000000.0 (SB)
  2024-04-04T02:58:21.855 StandardVLBI FS[BB_2] useUSB:true 12GHz:false sbPrf:NONE CFreq: 254000000000.0 (SB)
  2024-04-04T02:58:21.855 StandardVLBI FS[BB_3] useUSB:true 12GHz:false sbPrf:NONE CFreq: 266000000000.0 (SB)
  2024-04-04T02:58:21.855 StandardVLBI FS[BB_4] useUSB:true 12GHz:false sbPrf:NONE CFreq: 268000000000.0 (SB)
  2024-04-04T02:58:21.860 StandardVLBI FS[BB_1] useUSB:true 12GHz:false sbPrf:NONE CFreq: 214250000000.09998 (SB)
  2024-04-04T02:58:21.860 StandardVLBI FS[BB_2] useUSB:true 12GHz:false sbPrf:NONE CFreq: 216249999999.90002 (SB)
  2024-04-04T02:58:21.860 StandardVLBI FS[BB_3] useUSB:true 12GHz:false sbPrf:NONE CFreq: 230250000000.09998 (SB)
  2024-04-04T02:58:21.861 StandardVLBI FS[BB_4] useUSB:true 12GHz:false sbPrf:NONE CFreq: 232249999999.90002 (SB)
  2024-04-04T02:58:22.335 StandardVLBI ########## VEX SCHEDULE for Exp e24b04 with 7 scans ##########
  2024-04-04T02:58:34.525 StandardVLBI HW FS[BB_1] useUSB:false 12GHz:true sbPrf:LSB CFreq: 214250000000.09998 (HW)
  2024-04-04T02:58:34.526 StandardVLBI HW FS[BB_2] useUSB:false 12GHz:false sbPrf:LSB CFreq: 216250000000.0 (HW)
  2024-04-04T02:58:34.527 StandardVLBI HW FS[BB_3] useUSB:true 12GHz:false sbPrf:USB CFreq: 230250000000.09998 (HW)
  2024-04-04T02:58:34.528 StandardVLBI HW FS[BB_4] useUSB:true 12GHz:true sbPrf:USB CFreq: 232250000000.0 (HW)
  2024-04-04T02:58:34.710 StandardVLBI HW FS[BB_1] useUSB:false 12GHz:true sbPrf:LSB CFreq: 252000000000.0 (HW)
  2024-04-04T02:58:34.711 StandardVLBI HW FS[BB_2] useUSB:false 12GHz:false sbPrf:LSB CFreq: 254000000000.0 (HW)
  2024-04-04T02:58:34.712 StandardVLBI HW FS[BB_3] useUSB:true 12GHz:false sbPrf:USB CFreq: 266000000000.0 (HW)
  2024-04-04T02:58:34.712 StandardVLBI HW FS[BB_4] useUSB:true 12GHz:true sbPrf:USB CFreq: 268000000000.0 (HW)
  2024-04-04T03:55:32.321 StandardVLBI FS[BB_1] useUSB:true 12GHz:false sbPrf:NONE CFreq: 252000000000.0 (SB)
  2024-04-04T03:55:32.321 StandardVLBI FS[BB_2] useUSB:true 12GHz:false sbPrf:NONE CFreq: 254000000000.0 (SB)
  2024-04-04T03:55:32.322 StandardVLBI FS[BB_3] useUSB:true 12GHz:false sbPrf:NONE CFreq: 266000000000.0 (SB)
  2024-04-04T03:55:32.322 StandardVLBI FS[BB_4] useUSB:true 12GHz:false sbPrf:NONE CFreq: 268000000000.0 (SB)
  2024-04-04T03:55:32.326 StandardVLBI FS[BB_1] useUSB:true 12GHz:false sbPrf:NONE CFreq: 214250000000.09998 (SB)
  2024-04-04T03:55:32.327 StandardVLBI FS[BB_2] useUSB:true 12GHz:false sbPrf:NONE CFreq: 216249999999.90002 (SB)
  2024-04-04T03:55:32.327 StandardVLBI FS[BB_3] useUSB:true 12GHz:false sbPrf:NONE CFreq: 230250000000.09998 (SB)
  2024-04-04T03:55:32.327 StandardVLBI FS[BB_4] useUSB:true 12GHz:false sbPrf:NONE CFreq: 232249999999.90002 (SB)
  2024-04-04T03:55:32.802 StandardVLBI ########## VEX SCHEDULE for Exp e24b04 with 5 scans ##########
  2024-04-04T03:55:45.409 StandardVLBI HW FS[BB_1] useUSB:false 12GHz:true sbPrf:LSB CFreq: 214250000000.09998 (HW)
  2024-04-04T03:55:45.410 StandardVLBI HW FS[BB_2] useUSB:false 12GHz:false sbPrf:LSB CFreq: 216250000000.0 (HW)
  2024-04-04T03:55:45.410 StandardVLBI HW FS[BB_3] useUSB:true 12GHz:false sbPrf:USB CFreq: 230250000000.09998 (HW)
  2024-04-04T03:55:45.411 StandardVLBI HW FS[BB_4] useUSB:true 12GHz:true sbPrf:USB CFreq: 232250000000.0 (HW)
  2024-04-04T03:55:45.589 StandardVLBI HW FS[BB_1] useUSB:false 12GHz:true sbPrf:LSB CFreq: 252000000000.0 (HW)
  2024-04-04T03:55:45.590 StandardVLBI HW FS[BB_2] useUSB:false 12GHz:false sbPrf:LSB CFreq: 254000000000.0 (HW)
  2024-04-04T03:55:45.591 StandardVLBI HW FS[BB_3] useUSB:true 12GHz:false sbPrf:USB CFreq: 266000000000.0 (HW)
  2024-04-04T03:55:45.592 StandardVLBI HW FS[BB_4] useUSB:true 12GHz:true sbPrf:USB CFreq: 268000000000.0 (HW)
  2024-04-04T04:38:28.906 StandardVLBI FS[BB_1] useUSB:true 12GHz:false sbPrf:NONE CFreq: 252000000000.0 (SB)
  2024-04-04T04:38:28.906 StandardVLBI FS[BB_2] useUSB:true 12GHz:false sbPrf:NONE CFreq: 254000000000.0 (SB)
  2024-04-04T04:38:28.906 StandardVLBI FS[BB_3] useUSB:true 12GHz:false sbPrf:NONE CFreq: 266000000000.0 (SB)
  2024-04-04T04:38:28.907 StandardVLBI FS[BB_4] useUSB:true 12GHz:false sbPrf:NONE CFreq: 268000000000.0 (SB)
  2024-04-04T04:38:28.912 StandardVLBI FS[BB_1] useUSB:true 12GHz:false sbPrf:NONE CFreq: 214250000000.09998 (SB)
  2024-04-04T04:38:28.912 StandardVLBI FS[BB_2] useUSB:true 12GHz:false sbPrf:NONE CFreq: 216249999999.90002 (SB)
  2024-04-04T04:38:28.913 StandardVLBI FS[BB_3] useUSB:true 12GHz:false sbPrf:NONE CFreq: 230250000000.09998 (SB)
  2024-04-04T04:38:28.913 StandardVLBI FS[BB_4] useUSB:true 12GHz:false sbPrf:NONE CFreq: 232249999999.90002 (SB)
  2024-04-04T04:38:29.384 StandardVLBI ########## VEX SCHEDULE for Exp e24b04 with 6 scans ##########
  2024-04-04T04:38:41.442 StandardVLBI HW FS[BB_1] useUSB:false 12GHz:true sbPrf:LSB CFreq: 214250000000.09998 (HW)
  2024-04-04T04:38:41.442 StandardVLBI HW FS[BB_2] useUSB:false 12GHz:false sbPrf:LSB CFreq: 216250000000.0 (HW)
  2024-04-04T04:38:41.443 StandardVLBI HW FS[BB_3] useUSB:true 12GHz:false sbPrf:USB CFreq: 230250000000.09998 (HW)
  2024-04-04T04:38:41.444 StandardVLBI HW FS[BB_4] useUSB:true 12GHz:true sbPrf:USB CFreq: 232250000000.0 (HW)
  2024-04-04T04:38:41.620 StandardVLBI HW FS[BB_1] useUSB:false 12GHz:true sbPrf:LSB CFreq: 252000000000.0 (HW)
  2024-04-04T04:38:41.620 StandardVLBI HW FS[BB_2] useUSB:false 12GHz:false sbPrf:LSB CFreq: 254000000000.0 (HW)
  2024-04-04T04:38:41.621 StandardVLBI HW FS[BB_3] useUSB:true 12GHz:false sbPrf:USB CFreq: 266000000000.0 (HW)
  2024-04-04T04:38:41.622 StandardVLBI HW FS[BB_4] useUSB:true 12GHz:true sbPrf:USB CFreq: 268000000000.0 (HW)
  2024-04-04T05:32:24.121 StandardVLBI FS[BB_1] useUSB:true 12GHz:false sbPrf:NONE CFreq: 252000000000.0 (SB)
  2024-04-04T05:32:24.122 StandardVLBI FS[BB_2] useUSB:true 12GHz:false sbPrf:NONE CFreq: 254000000000.0 (SB)
  2024-04-04T05:32:24.122 StandardVLBI FS[BB_3] useUSB:true 12GHz:false sbPrf:NONE CFreq: 266000000000.0 (SB)
  2024-04-04T05:32:24.122 StandardVLBI FS[BB_4] useUSB:true 12GHz:false sbPrf:NONE CFreq: 268000000000.0 (SB)
  2024-04-04T05:32:24.127 StandardVLBI FS[BB_1] useUSB:true 12GHz:false sbPrf:NONE CFreq: 214250000000.09998 (SB)
  2024-04-04T05:32:24.127 StandardVLBI FS[BB_2] useUSB:true 12GHz:false sbPrf:NONE CFreq: 216249999999.90002 (SB)
  2024-04-04T05:32:24.127 StandardVLBI FS[BB_3] useUSB:true 12GHz:false sbPrf:NONE CFreq: 230250000000.09998 (SB)
  2024-04-04T05:32:24.127 StandardVLBI FS[BB_4] useUSB:true 12GHz:false sbPrf:NONE CFreq: 232249999999.90002 (SB)
  2024-04-04T05:32:24.602 StandardVLBI ########## VEX SCHEDULE for Exp e24b04 with 4 scans ##########
  2024-04-04T05:32:36.859 StandardVLBI HW FS[BB_1] useUSB:false 12GHz:true sbPrf:LSB CFreq: 214250000000.09998 (HW)
  2024-04-04T05:32:36.860 StandardVLBI HW FS[BB_2] useUSB:false 12GHz:false sbPrf:LSB CFreq: 216250000000.0 (HW)
  2024-04-04T05:32:36.861 StandardVLBI HW FS[BB_3] useUSB:true 12GHz:false sbPrf:USB CFreq: 230250000000.09998 (HW)
  2024-04-04T05:32:36.862 StandardVLBI HW FS[BB_4] useUSB:true 12GHz:true sbPrf:USB CFreq: 232250000000.0 (HW)
  2024-04-04T05:32:37.041 StandardVLBI HW FS[BB_1] useUSB:false 12GHz:true sbPrf:LSB CFreq: 252000000000.0 (HW)
  2024-04-04T05:32:37.041 StandardVLBI HW FS[BB_2] useUSB:false 12GHz:false sbPrf:LSB CFreq: 254000000000.0 (HW)
  2024-04-04T05:32:37.042 StandardVLBI HW FS[BB_3] useUSB:true 12GHz:false sbPrf:USB CFreq: 266000000000.0 (HW)
  2024-04-04T05:32:37.043 StandardVLBI HW FS[BB_4] useUSB:true 12GHz:true sbPrf:USB CFreq: 268000000000.0 (HW)
