  2024-04-04T07:40:54.821 StandardVLBI FS[BB_1] useUSB:true 12GHz:false sbPrf:NONE CFreq: 214250000000.09998 (SB)
  2024-04-04T07:40:54.821 StandardVLBI FS[BB_2] useUSB:true 12GHz:false sbPrf:NONE CFreq: 216249999999.90002 (SB)
  2024-04-04T07:40:54.821 StandardVLBI FS[BB_3] useUSB:true 12GHz:false sbPrf:NONE CFreq: 230250000000.09998 (SB)
  2024-04-04T07:40:54.821 StandardVLBI FS[BB_4] useUSB:true 12GHz:false sbPrf:NONE CFreq: 232249999999.90002 (SB)
  2024-04-04T07:40:54.826 StandardVLBI FS[BB_1] useUSB:true 12GHz:false sbPrf:NONE CFreq: 252000000000.0 (SB)
  2024-04-04T07:40:54.826 StandardVLBI FS[BB_2] useUSB:true 12GHz:false sbPrf:NONE CFreq: 254000000000.0 (SB)
  2024-04-04T07:40:54.826 StandardVLBI FS[BB_3] useUSB:true 12GHz:false sbPrf:NONE CFreq: 266000000000.0 (SB)
  2024-04-04T07:40:54.827 StandardVLBI FS[BB_4] useUSB:true 12GHz:false sbPrf:NONE CFreq: 268000000000.0 (SB)
  2024-04-04T07:40:55.307 StandardVLBI ########## VEX SCHEDULE for Exp e24b04 with 7 scans ##########
  2024-04-04T07:41:07.295 StandardVLBI HW FS[BB_1] useUSB:false 12GHz:true sbPrf:LSB CFreq: 214250000000.09998 (HW)
  2024-04-04T07:41:07.296 StandardVLBI HW FS[BB_2] useUSB:false 12GHz:false sbPrf:LSB CFreq: 216250000000.0 (HW)
  2024-04-04T07:41:07.297 StandardVLBI HW FS[BB_3] useUSB:true 12GHz:false sbPrf:USB CFreq: 230250000000.09998 (HW)
  2024-04-04T07:41:07.297 StandardVLBI HW FS[BB_4] useUSB:true 12GHz:true sbPrf:USB CFreq: 232250000000.0 (HW)
  2024-04-04T07:41:07.477 StandardVLBI HW FS[BB_1] useUSB:false 12GHz:true sbPrf:LSB CFreq: 252000000000.0 (HW)
  2024-04-04T07:41:07.478 StandardVLBI HW FS[BB_2] useUSB:false 12GHz:false sbPrf:LSB CFreq: 254000000000.0 (HW)
  2024-04-04T07:41:07.479 StandardVLBI HW FS[BB_3] useUSB:true 12GHz:false sbPrf:USB CFreq: 266000000000.0 (HW)
  2024-04-04T07:41:07.480 StandardVLBI HW FS[BB_4] useUSB:true 12GHz:true sbPrf:USB CFreq: 268000000000.0 (HW)
  2024-04-04T08:39:23.554 StandardVLBI FS[BB_1] useUSB:true 12GHz:false sbPrf:NONE CFreq: 214250000000.09998 (SB)
  2024-04-04T08:39:23.555 StandardVLBI FS[BB_2] useUSB:true 12GHz:false sbPrf:NONE CFreq: 216249999999.90002 (SB)
  2024-04-04T08:39:23.555 StandardVLBI FS[BB_3] useUSB:true 12GHz:false sbPrf:NONE CFreq: 230250000000.09998 (SB)
  2024-04-04T08:39:23.555 StandardVLBI FS[BB_4] useUSB:true 12GHz:false sbPrf:NONE CFreq: 232249999999.90002 (SB)
  2024-04-04T08:39:23.560 StandardVLBI FS[BB_1] useUSB:true 12GHz:false sbPrf:NONE CFreq: 252000000000.0 (SB)
  2024-04-04T08:39:23.560 StandardVLBI FS[BB_2] useUSB:true 12GHz:false sbPrf:NONE CFreq: 254000000000.0 (SB)
  2024-04-04T08:39:23.560 StandardVLBI FS[BB_3] useUSB:true 12GHz:false sbPrf:NONE CFreq: 266000000000.0 (SB)
  2024-04-04T08:39:23.560 StandardVLBI FS[BB_4] useUSB:true 12GHz:false sbPrf:NONE CFreq: 268000000000.0 (SB)
  2024-04-04T08:39:24.027 StandardVLBI ########## VEX SCHEDULE for Exp e24b04 with 6 scans ##########
  2024-04-04T08:39:36.460 StandardVLBI HW FS[BB_1] useUSB:false 12GHz:true sbPrf:LSB CFreq: 214250000000.09998 (HW)
  2024-04-04T08:39:36.460 StandardVLBI HW FS[BB_2] useUSB:false 12GHz:false sbPrf:LSB CFreq: 216250000000.0 (HW)
  2024-04-04T08:39:36.461 StandardVLBI HW FS[BB_3] useUSB:true 12GHz:false sbPrf:USB CFreq: 230250000000.09998 (HW)
  2024-04-04T08:39:36.462 StandardVLBI HW FS[BB_4] useUSB:true 12GHz:true sbPrf:USB CFreq: 232250000000.0 (HW)
  2024-04-04T08:39:36.642 StandardVLBI HW FS[BB_1] useUSB:false 12GHz:true sbPrf:LSB CFreq: 252000000000.0 (HW)
  2024-04-04T08:39:36.643 StandardVLBI HW FS[BB_2] useUSB:false 12GHz:false sbPrf:LSB CFreq: 254000000000.0 (HW)
  2024-04-04T08:39:36.644 StandardVLBI HW FS[BB_3] useUSB:true 12GHz:false sbPrf:USB CFreq: 266000000000.0 (HW)
  2024-04-04T08:39:36.645 StandardVLBI HW FS[BB_4] useUSB:true 12GHz:true sbPrf:USB CFreq: 268000000000.0 (HW)
  2024-04-04T09:58:22.893 StandardVLBI FS[BB_1] useUSB:true 12GHz:false sbPrf:NONE CFreq: 214250000000.09998 (SB)
  2024-04-04T09:58:22.893 StandardVLBI FS[BB_2] useUSB:true 12GHz:false sbPrf:NONE CFreq: 216249999999.90002 (SB)
  2024-04-04T09:58:22.894 StandardVLBI FS[BB_3] useUSB:true 12GHz:false sbPrf:NONE CFreq: 230250000000.09998 (SB)
  2024-04-04T09:58:22.894 StandardVLBI FS[BB_4] useUSB:true 12GHz:false sbPrf:NONE CFreq: 232249999999.90002 (SB)
  2024-04-04T09:58:22.898 StandardVLBI FS[BB_1] useUSB:true 12GHz:false sbPrf:NONE CFreq: 252000000000.0 (SB)
  2024-04-04T09:58:22.899 StandardVLBI FS[BB_2] useUSB:true 12GHz:false sbPrf:NONE CFreq: 254000000000.0 (SB)
  2024-04-04T09:58:22.899 StandardVLBI FS[BB_3] useUSB:true 12GHz:false sbPrf:NONE CFreq: 266000000000.0 (SB)
  2024-04-04T09:58:22.899 StandardVLBI FS[BB_4] useUSB:true 12GHz:false sbPrf:NONE CFreq: 268000000000.0 (SB)
  2024-04-04T09:58:23.366 StandardVLBI ########## VEX SCHEDULE for Exp e24b04 with 6 scans ##########
  2024-04-04T09:58:35.332 StandardVLBI HW FS[BB_1] useUSB:false 12GHz:true sbPrf:LSB CFreq: 214250000000.09998 (HW)
  2024-04-04T09:58:35.333 StandardVLBI HW FS[BB_2] useUSB:false 12GHz:false sbPrf:LSB CFreq: 216250000000.0 (HW)
  2024-04-04T09:58:35.334 StandardVLBI HW FS[BB_3] useUSB:true 12GHz:false sbPrf:USB CFreq: 230250000000.09998 (HW)
  2024-04-04T09:58:35.335 StandardVLBI HW FS[BB_4] useUSB:true 12GHz:true sbPrf:USB CFreq: 232250000000.0 (HW)
  2024-04-04T09:58:35.518 StandardVLBI HW FS[BB_1] useUSB:false 12GHz:true sbPrf:LSB CFreq: 252000000000.0 (HW)
  2024-04-04T09:58:35.519 StandardVLBI HW FS[BB_2] useUSB:false 12GHz:false sbPrf:LSB CFreq: 254000000000.0 (HW)
  2024-04-04T09:58:35.520 StandardVLBI HW FS[BB_3] useUSB:true 12GHz:false sbPrf:USB CFreq: 266000000000.0 (HW)
  2024-04-04T09:58:35.521 StandardVLBI HW FS[BB_4] useUSB:true 12GHz:true sbPrf:USB CFreq: 268000000000.0 (HW)
  2024-04-04T11:16:44.517 StandardVLBI FS[BB_1] useUSB:true 12GHz:false sbPrf:NONE CFreq: 214250000000.09998 (SB)
  2024-04-04T11:16:44.517 StandardVLBI FS[BB_2] useUSB:true 12GHz:false sbPrf:NONE CFreq: 216249999999.90002 (SB)
  2024-04-04T11:16:44.517 StandardVLBI FS[BB_3] useUSB:true 12GHz:false sbPrf:NONE CFreq: 230250000000.09998 (SB)
  2024-04-04T11:16:44.517 StandardVLBI FS[BB_4] useUSB:true 12GHz:false sbPrf:NONE CFreq: 232249999999.90002 (SB)
  2024-04-04T11:16:44.522 StandardVLBI FS[BB_1] useUSB:true 12GHz:false sbPrf:NONE CFreq: 252000000000.0 (SB)
  2024-04-04T11:16:44.522 StandardVLBI FS[BB_2] useUSB:true 12GHz:false sbPrf:NONE CFreq: 254000000000.0 (SB)
  2024-04-04T11:16:44.523 StandardVLBI FS[BB_3] useUSB:true 12GHz:false sbPrf:NONE CFreq: 266000000000.0 (SB)
  2024-04-04T11:16:44.523 StandardVLBI FS[BB_4] useUSB:true 12GHz:false sbPrf:NONE CFreq: 268000000000.0 (SB)
  2024-04-04T11:16:45.001 StandardVLBI ########## VEX SCHEDULE for Exp e24b04 with 6 scans ##########
  2024-04-04T11:16:57.166 StandardVLBI HW FS[BB_1] useUSB:false 12GHz:true sbPrf:LSB CFreq: 214250000000.09998 (HW)
  2024-04-04T11:16:57.167 StandardVLBI HW FS[BB_2] useUSB:false 12GHz:false sbPrf:LSB CFreq: 216250000000.0 (HW)
  2024-04-04T11:16:57.168 StandardVLBI HW FS[BB_3] useUSB:true 12GHz:false sbPrf:USB CFreq: 230250000000.09998 (HW)
  2024-04-04T11:16:57.169 StandardVLBI HW FS[BB_4] useUSB:true 12GHz:true sbPrf:USB CFreq: 232250000000.0 (HW)
  2024-04-04T11:16:57.350 StandardVLBI HW FS[BB_1] useUSB:false 12GHz:true sbPrf:LSB CFreq: 252000000000.0 (HW)
  2024-04-04T11:16:57.351 StandardVLBI HW FS[BB_2] useUSB:false 12GHz:false sbPrf:LSB CFreq: 254000000000.0 (HW)
  2024-04-04T11:16:57.352 StandardVLBI HW FS[BB_3] useUSB:true 12GHz:false sbPrf:USB CFreq: 266000000000.0 (HW)
  2024-04-04T11:16:57.352 StandardVLBI HW FS[BB_4] useUSB:true 12GHz:true sbPrf:USB CFreq: 268000000000.0 (HW)
  2024-04-04T12:34:19.164 StandardVLBI FS[BB_1] useUSB:true 12GHz:false sbPrf:NONE CFreq: 214250000000.09998 (SB)
  2024-04-04T12:34:19.167 StandardVLBI FS[BB_2] useUSB:true 12GHz:false sbPrf:NONE CFreq: 216249999999.90002 (SB)
  2024-04-04T12:34:19.167 StandardVLBI FS[BB_3] useUSB:true 12GHz:false sbPrf:NONE CFreq: 230250000000.09998 (SB)
  2024-04-04T12:34:19.167 StandardVLBI FS[BB_4] useUSB:true 12GHz:false sbPrf:NONE CFreq: 232249999999.90002 (SB)
  2024-04-04T12:34:19.168 StandardVLBI FS[BB_1] useUSB:true 12GHz:false sbPrf:NONE CFreq: 252000000000.0 (SB)
  2024-04-04T12:34:19.172 StandardVLBI FS[BB_2] useUSB:true 12GHz:false sbPrf:NONE CFreq: 254000000000.0 (SB)
  2024-04-04T12:34:19.172 StandardVLBI FS[BB_3] useUSB:true 12GHz:false sbPrf:NONE CFreq: 266000000000.0 (SB)
  2024-04-04T12:34:19.172 StandardVLBI FS[BB_4] useUSB:true 12GHz:false sbPrf:NONE CFreq: 268000000000.0 (SB)
  2024-04-04T12:34:19.642 StandardVLBI ########## VEX SCHEDULE for Exp e24b04 with 6 scans ##########
  2024-04-04T12:34:31.511 StandardVLBI HW FS[BB_1] useUSB:false 12GHz:true sbPrf:LSB CFreq: 214250000000.09998 (HW)
  2024-04-04T12:34:31.512 StandardVLBI HW FS[BB_2] useUSB:false 12GHz:false sbPrf:LSB CFreq: 216250000000.0 (HW)
  2024-04-04T12:34:31.513 StandardVLBI HW FS[BB_3] useUSB:true 12GHz:false sbPrf:USB CFreq: 230250000000.09998 (HW)
  2024-04-04T12:34:31.514 StandardVLBI HW FS[BB_4] useUSB:true 12GHz:true sbPrf:USB CFreq: 232250000000.0 (HW)
  2024-04-04T12:34:31.694 StandardVLBI HW FS[BB_1] useUSB:false 12GHz:true sbPrf:LSB CFreq: 252000000000.0 (HW)
  2024-04-04T12:34:31.695 StandardVLBI HW FS[BB_2] useUSB:false 12GHz:false sbPrf:LSB CFreq: 254000000000.0 (HW)
  2024-04-04T12:34:31.696 StandardVLBI HW FS[BB_3] useUSB:true 12GHz:false sbPrf:USB CFreq: 266000000000.0 (HW)
  2024-04-04T12:34:31.697 StandardVLBI HW FS[BB_4] useUSB:true 12GHz:true sbPrf:USB CFreq: 268000000000.0 (HW)
