  2024-04-09T08:10:43.330 StandardVLBI FS[BB_1] useUSB:true 12GHz:false sbPrf:NONE CFreq: 335600000000.0 (SB)
  2024-04-09T08:10:43.330 StandardVLBI FS[BB_2] useUSB:true 12GHz:false sbPrf:NONE CFreq: 337600000000.0 (SB)
  2024-04-09T08:10:43.330 StandardVLBI FS[BB_3] useUSB:true 12GHz:false sbPrf:NONE CFreq: 347600000000.0 (SB)
  2024-04-09T08:10:43.331 StandardVLBI FS[BB_4] useUSB:true 12GHz:false sbPrf:NONE CFreq: 349600000000.0 (SB)
  2024-04-09T08:10:43.335 StandardVLBI FS[BB_1] useUSB:true 12GHz:false sbPrf:NONE CFreq: 283000000000.1 (SB)
  2024-04-09T08:10:43.336 StandardVLBI FS[BB_2] useUSB:true 12GHz:false sbPrf:NONE CFreq: 284999999999.9 (SB)
  2024-04-09T08:10:43.336 StandardVLBI FS[BB_3] useUSB:true 12GHz:false sbPrf:NONE CFreq: 295000000000.1 (SB)
  2024-04-09T08:10:43.336 StandardVLBI FS[BB_4] useUSB:true 12GHz:false sbPrf:NONE CFreq: 296999999999.9 (SB)
  2024-04-09T08:10:43.788 StandardVLBI ########## VEX SCHEDULE for Exp e24c09 with 6 scans ##########
  2024-04-09T08:10:55.221 StandardVLBI HW FS[BB_1] useUSB:false 12GHz:false sbPrf:LSB CFreq: 283021000000.0 (HW)
  2024-04-09T08:10:55.222 StandardVLBI HW FS[BB_2] useUSB:false 12GHz:false sbPrf:LSB CFreq: 284979000000.0 (HW)
  2024-04-09T08:10:55.222 StandardVLBI HW FS[BB_3] useUSB:true 12GHz:false sbPrf:USB CFreq: 295021000000.0 (HW)
  2024-04-09T08:10:55.223 StandardVLBI HW FS[BB_4] useUSB:true 12GHz:false sbPrf:USB CFreq: 296979000000.0 (HW)
  2024-04-09T08:10:55.224 StandardVLBI HW BB Centers: [283021000000.0, 284979000000.0, 295021000000.0, 296979000000.0]
  2024-04-09T08:10:55.404 StandardVLBI HW FS[BB_1] useUSB:false 12GHz:false sbPrf:LSB CFreq: 335600000000.0 (HW)
  2024-04-09T08:10:55.405 StandardVLBI HW FS[BB_2] useUSB:false 12GHz:false sbPrf:LSB CFreq: 337547650000.0 (HW)
  2024-04-09T08:10:55.405 StandardVLBI HW FS[BB_3] useUSB:true 12GHz:false sbPrf:USB CFreq: 347600000000.0 (HW)
  2024-04-09T08:10:55.406 StandardVLBI HW FS[BB_4] useUSB:true 12GHz:false sbPrf:USB CFreq: 349600000000.0 (HW)
  2024-04-09T08:10:55.410 StandardVLBI HW BB Centers: [335600000000.0, 337547650000.0, 347600000000.0, 349600000000.0]
  2024-04-09T09:45:48.642 StandardVLBI FS[BB_1] useUSB:true 12GHz:false sbPrf:NONE CFreq: 335600000000.0 (SB)
  2024-04-09T09:45:48.643 StandardVLBI FS[BB_2] useUSB:true 12GHz:false sbPrf:NONE CFreq: 337600000000.0 (SB)
  2024-04-09T09:45:48.645 StandardVLBI FS[BB_3] useUSB:true 12GHz:false sbPrf:NONE CFreq: 347600000000.0 (SB)
  2024-04-09T09:45:48.646 StandardVLBI FS[BB_4] useUSB:true 12GHz:false sbPrf:NONE CFreq: 349600000000.0 (SB)
  2024-04-09T09:45:48.647 StandardVLBI FS[BB_1] useUSB:true 12GHz:false sbPrf:NONE CFreq: 283000000000.1 (SB)
  2024-04-09T09:45:48.647 StandardVLBI FS[BB_2] useUSB:true 12GHz:false sbPrf:NONE CFreq: 284999999999.9 (SB)
  2024-04-09T09:45:48.651 StandardVLBI FS[BB_3] useUSB:true 12GHz:false sbPrf:NONE CFreq: 295000000000.1 (SB)
  2024-04-09T09:45:48.651 StandardVLBI FS[BB_4] useUSB:true 12GHz:false sbPrf:NONE CFreq: 296999999999.9 (SB)
  2024-04-09T09:45:49.109 StandardVLBI ########## VEX SCHEDULE for Exp e24c09 with 5 scans ##########
  2024-04-09T09:46:00.640 StandardVLBI HW FS[BB_1] useUSB:false 12GHz:false sbPrf:LSB CFreq: 283021000000.0 (HW)
  2024-04-09T09:46:00.641 StandardVLBI HW FS[BB_2] useUSB:false 12GHz:false sbPrf:LSB CFreq: 284979000000.0 (HW)
  2024-04-09T09:46:00.642 StandardVLBI HW FS[BB_3] useUSB:true 12GHz:false sbPrf:USB CFreq: 295021000000.0 (HW)
  2024-04-09T09:46:00.643 StandardVLBI HW FS[BB_4] useUSB:true 12GHz:false sbPrf:USB CFreq: 296979000000.0 (HW)
  2024-04-09T09:46:00.643 StandardVLBI HW BB Centers: [283021000000.0, 284979000000.0, 295021000000.0, 296979000000.0]
  2024-04-09T09:46:00.820 StandardVLBI HW FS[BB_1] useUSB:false 12GHz:false sbPrf:LSB CFreq: 335600000000.0 (HW)
  2024-04-09T09:46:00.821 StandardVLBI HW FS[BB_2] useUSB:false 12GHz:false sbPrf:LSB CFreq: 337547650000.0 (HW)
  2024-04-09T09:46:00.822 StandardVLBI HW FS[BB_3] useUSB:true 12GHz:false sbPrf:USB CFreq: 347600000000.0 (HW)
  2024-04-09T09:46:00.823 StandardVLBI HW FS[BB_4] useUSB:true 12GHz:false sbPrf:USB CFreq: 349600000000.0 (HW)
  2024-04-09T09:46:00.826 StandardVLBI HW BB Centers: [335600000000.0, 337547650000.0, 347600000000.0, 349600000000.0]
  2024-04-09T10:59:37.704 StandardVLBI FS[BB_1] useUSB:true 12GHz:false sbPrf:NONE CFreq: 335600000000.0 (SB)
  2024-04-09T10:59:37.705 StandardVLBI FS[BB_2] useUSB:true 12GHz:false sbPrf:NONE CFreq: 337600000000.0 (SB)
  2024-04-09T10:59:37.705 StandardVLBI FS[BB_3] useUSB:true 12GHz:false sbPrf:NONE CFreq: 347600000000.0 (SB)
  2024-04-09T10:59:37.705 StandardVLBI FS[BB_4] useUSB:true 12GHz:false sbPrf:NONE CFreq: 349600000000.0 (SB)
  2024-04-09T10:59:37.710 StandardVLBI FS[BB_1] useUSB:true 12GHz:false sbPrf:NONE CFreq: 283000000000.1 (SB)
  2024-04-09T10:59:37.710 StandardVLBI FS[BB_2] useUSB:true 12GHz:false sbPrf:NONE CFreq: 284999999999.9 (SB)
  2024-04-09T10:59:37.711 StandardVLBI FS[BB_3] useUSB:true 12GHz:false sbPrf:NONE CFreq: 295000000000.1 (SB)
  2024-04-09T10:59:37.711 StandardVLBI FS[BB_4] useUSB:true 12GHz:false sbPrf:NONE CFreq: 296999999999.9 (SB)
  2024-04-09T10:59:38.145 StandardVLBI ########## VEX SCHEDULE for Exp e24c09 with 4 scans ##########
  2024-04-09T10:59:49.754 StandardVLBI HW FS[BB_1] useUSB:false 12GHz:false sbPrf:LSB CFreq: 283021000000.0 (HW)
  2024-04-09T10:59:49.755 StandardVLBI HW FS[BB_2] useUSB:false 12GHz:false sbPrf:LSB CFreq: 284979000000.0 (HW)
  2024-04-09T10:59:49.755 StandardVLBI HW FS[BB_3] useUSB:true 12GHz:false sbPrf:USB CFreq: 295021000000.0 (HW)
  2024-04-09T10:59:49.756 StandardVLBI HW FS[BB_4] useUSB:true 12GHz:false sbPrf:USB CFreq: 296979000000.0 (HW)
  2024-04-09T10:59:49.757 StandardVLBI HW BB Centers: [283021000000.0, 284979000000.0, 295021000000.0, 296979000000.0]
  2024-04-09T10:59:49.934 StandardVLBI HW FS[BB_1] useUSB:false 12GHz:false sbPrf:LSB CFreq: 335600000000.0 (HW)
  2024-04-09T10:59:49.934 StandardVLBI HW FS[BB_2] useUSB:false 12GHz:false sbPrf:LSB CFreq: 337547650000.0 (HW)
  2024-04-09T10:59:49.935 StandardVLBI HW FS[BB_3] useUSB:true 12GHz:false sbPrf:USB CFreq: 347600000000.0 (HW)
  2024-04-09T10:59:49.936 StandardVLBI HW FS[BB_4] useUSB:true 12GHz:false sbPrf:USB CFreq: 349600000000.0 (HW)
  2024-04-09T10:59:49.940 StandardVLBI HW BB Centers: [335600000000.0, 337547650000.0, 347600000000.0, 349600000000.0]
  2024-04-09T12:17:00.827 StandardVLBI FS[BB_1] useUSB:true 12GHz:false sbPrf:NONE CFreq: 335600000000.0 (SB)
  2024-04-09T12:17:00.827 StandardVLBI FS[BB_2] useUSB:true 12GHz:false sbPrf:NONE CFreq: 337600000000.0 (SB)
  2024-04-09T12:17:00.830 StandardVLBI FS[BB_3] useUSB:true 12GHz:false sbPrf:NONE CFreq: 347600000000.0 (SB)
  2024-04-09T12:17:00.830 StandardVLBI FS[BB_4] useUSB:true 12GHz:false sbPrf:NONE CFreq: 349600000000.0 (SB)
  2024-04-09T12:17:00.832 StandardVLBI FS[BB_1] useUSB:true 12GHz:false sbPrf:NONE CFreq: 283000000000.1 (SB)
  2024-04-09T12:17:00.832 StandardVLBI FS[BB_2] useUSB:true 12GHz:false sbPrf:NONE CFreq: 284999999999.9 (SB)
  2024-04-09T12:17:00.836 StandardVLBI FS[BB_3] useUSB:true 12GHz:false sbPrf:NONE CFreq: 295000000000.1 (SB)
  2024-04-09T12:17:00.836 StandardVLBI FS[BB_4] useUSB:true 12GHz:false sbPrf:NONE CFreq: 296999999999.9 (SB)
  2024-04-09T12:17:01.279 StandardVLBI ########## VEX SCHEDULE for Exp e24c09 with 6 scans ##########
  2024-04-09T12:17:12.556 StandardVLBI HW FS[BB_1] useUSB:false 12GHz:false sbPrf:LSB CFreq: 283021000000.0 (HW)
  2024-04-09T12:17:12.556 StandardVLBI HW FS[BB_2] useUSB:false 12GHz:false sbPrf:LSB CFreq: 284979000000.0 (HW)
  2024-04-09T12:17:12.557 StandardVLBI HW FS[BB_3] useUSB:true 12GHz:false sbPrf:USB CFreq: 295021000000.0 (HW)
  2024-04-09T12:17:12.558 StandardVLBI HW FS[BB_4] useUSB:true 12GHz:false sbPrf:USB CFreq: 296979000000.0 (HW)
  2024-04-09T12:17:12.558 StandardVLBI HW BB Centers: [283021000000.0, 284979000000.0, 295021000000.0, 296979000000.0]
  2024-04-09T12:17:12.738 StandardVLBI HW FS[BB_1] useUSB:false 12GHz:false sbPrf:LSB CFreq: 335600000000.0 (HW)
  2024-04-09T12:17:12.739 StandardVLBI HW FS[BB_2] useUSB:false 12GHz:false sbPrf:LSB CFreq: 337547650000.0 (HW)
  2024-04-09T12:17:12.740 StandardVLBI HW FS[BB_3] useUSB:true 12GHz:false sbPrf:USB CFreq: 347600000000.0 (HW)
  2024-04-09T12:17:12.741 StandardVLBI HW FS[BB_4] useUSB:true 12GHz:false sbPrf:USB CFreq: 349600000000.0 (HW)
  2024-04-09T12:17:12.741 StandardVLBI HW BB Centers: [335600000000.0, 337547650000.0, 347600000000.0, 349600000000.0]
  2024-04-09T13:51:18.637 StandardVLBI FS[BB_1] useUSB:true 12GHz:false sbPrf:NONE CFreq: 335600000000.0 (SB)
  2024-04-09T13:51:18.638 StandardVLBI FS[BB_2] useUSB:true 12GHz:false sbPrf:NONE CFreq: 337600000000.0 (SB)
  2024-04-09T13:51:18.638 StandardVLBI FS[BB_3] useUSB:true 12GHz:false sbPrf:NONE CFreq: 347600000000.0 (SB)
  2024-04-09T13:51:18.638 StandardVLBI FS[BB_4] useUSB:true 12GHz:false sbPrf:NONE CFreq: 349600000000.0 (SB)
  2024-04-09T13:51:18.644 StandardVLBI FS[BB_1] useUSB:true 12GHz:false sbPrf:NONE CFreq: 283000000000.1 (SB)
  2024-04-09T13:51:18.644 StandardVLBI FS[BB_2] useUSB:true 12GHz:false sbPrf:NONE CFreq: 284999999999.9 (SB)
  2024-04-09T13:51:18.644 StandardVLBI FS[BB_3] useUSB:true 12GHz:false sbPrf:NONE CFreq: 295000000000.1 (SB)
  2024-04-09T13:51:18.644 StandardVLBI FS[BB_4] useUSB:true 12GHz:false sbPrf:NONE CFreq: 296999999999.9 (SB)
  2024-04-09T13:51:19.109 StandardVLBI ########## VEX SCHEDULE for Exp e24c09 with 3 scans ##########
  2024-04-09T13:51:30.539 StandardVLBI HW FS[BB_1] useUSB:false 12GHz:false sbPrf:LSB CFreq: 283021000000.0 (HW)
  2024-04-09T13:51:30.540 StandardVLBI HW FS[BB_2] useUSB:false 12GHz:false sbPrf:LSB CFreq: 284979000000.0 (HW)
  2024-04-09T13:51:30.541 StandardVLBI HW FS[BB_3] useUSB:true 12GHz:false sbPrf:USB CFreq: 295021000000.0 (HW)
  2024-04-09T13:51:30.542 StandardVLBI HW FS[BB_4] useUSB:true 12GHz:false sbPrf:USB CFreq: 296979000000.0 (HW)
  2024-04-09T13:51:30.542 StandardVLBI HW BB Centers: [283021000000.0, 284979000000.0, 295021000000.0, 296979000000.0]
  2024-04-09T13:51:30.720 StandardVLBI HW FS[BB_1] useUSB:false 12GHz:false sbPrf:LSB CFreq: 335600000000.0 (HW)
  2024-04-09T13:51:30.720 StandardVLBI HW FS[BB_2] useUSB:false 12GHz:false sbPrf:LSB CFreq: 337547650000.0 (HW)
  2024-04-09T13:51:30.721 StandardVLBI HW FS[BB_3] useUSB:true 12GHz:false sbPrf:USB CFreq: 347600000000.0 (HW)
  2024-04-09T13:51:30.722 StandardVLBI HW FS[BB_4] useUSB:true 12GHz:false sbPrf:USB CFreq: 349600000000.0 (HW)
  2024-04-09T13:51:30.725 StandardVLBI HW BB Centers: [335600000000.0, 337547650000.0, 347600000000.0, 349600000000.0]
  2024-04-09T14:15:47.235 StandardVLBI FS[BB_1] useUSB:true 12GHz:false sbPrf:NONE CFreq: 678000000000.0 (SB)
  2024-04-09T14:15:47.235 StandardVLBI FS[BB_2] useUSB:true 12GHz:false sbPrf:NONE CFreq: 680000000000.0 (SB)
  2024-04-09T14:15:47.235 StandardVLBI FS[BB_3] useUSB:true 12GHz:false sbPrf:NONE CFreq: 690058593750.0 (SB)
  2024-04-09T14:15:47.236 StandardVLBI FS[BB_4] useUSB:true 12GHz:false sbPrf:NONE CFreq: 692000000000.0 (SB)
  2024-04-09T14:15:47.240 StandardVLBI FS[BB_1] useUSB:true 12GHz:false sbPrf:NONE CFreq: 283000000000.1 (SB)
  2024-04-09T14:15:47.240 StandardVLBI FS[BB_2] useUSB:true 12GHz:false sbPrf:NONE CFreq: 284999999999.9 (SB)
  2024-04-09T14:15:47.240 StandardVLBI FS[BB_3] useUSB:true 12GHz:false sbPrf:NONE CFreq: 295000000000.1 (SB)
  2024-04-09T14:15:47.240 StandardVLBI FS[BB_4] useUSB:true 12GHz:false sbPrf:NONE CFreq: 296999999999.9 (SB)
  2024-04-09T14:15:47.296 StandardVLBI ########## VEX SCHEDULE for Exp b9dfct with 5 scans ##########
  2024-04-09T14:15:59.843 StandardVLBI HW FS[BB_1] useUSB:false 12GHz:false sbPrf:LSB CFreq: 283021000000.0 (HW)
  2024-04-09T14:15:59.844 StandardVLBI HW FS[BB_2] useUSB:false 12GHz:false sbPrf:LSB CFreq: 284979000000.0 (HW)
  2024-04-09T14:15:59.845 StandardVLBI HW FS[BB_3] useUSB:true 12GHz:false sbPrf:USB CFreq: 295021000000.0 (HW)
  2024-04-09T14:15:59.846 StandardVLBI HW FS[BB_4] useUSB:true 12GHz:false sbPrf:USB CFreq: 296979000000.0 (HW)
  2024-04-09T14:15:59.846 StandardVLBI HW BB Centers: [283021000000.0, 284979000000.0, 295021000000.0, 296979000000.0]
  2024-04-09T14:16:00.023 StandardVLBI HW FS[BB_1] useUSB:true 12GHz:false sbPrf:LSB CFreq: 692058593750.0 (HW)
  2024-04-09T14:16:00.024 StandardVLBI HW FS[BB_2] useUSB:true 12GHz:false sbPrf:LSB CFreq: 690058593750.0 (HW)
  2024-04-09T14:16:00.025 StandardVLBI HW FS[BB_3] useUSB:true 12GHz:false sbPrf:USB CFreq: 690058593750.0 (HW)
  2024-04-09T14:16:00.026 StandardVLBI HW FS[BB_4] useUSB:true 12GHz:false sbPrf:USB CFreq: 692000000000.0 (HW)
  2024-04-09T14:16:00.029 StandardVLBI HW BB Centers: [692058593750.0, 690058593750.0, 690058593750.0, 692000000000.0]
  2024-04-09T14:22:01.935 StandardVLBI FS[BB_1] useUSB:true 12GHz:false sbPrf:NONE CFreq: 335600000000.0 (SB)
  2024-04-09T14:22:01.935 StandardVLBI FS[BB_2] useUSB:true 12GHz:false sbPrf:NONE CFreq: 337600000000.0 (SB)
  2024-04-09T14:22:01.936 StandardVLBI FS[BB_3] useUSB:true 12GHz:false sbPrf:NONE CFreq: 347600000000.0 (SB)
  2024-04-09T14:22:01.936 StandardVLBI FS[BB_4] useUSB:true 12GHz:false sbPrf:NONE CFreq: 349600000000.0 (SB)
  2024-04-09T14:22:01.940 StandardVLBI FS[BB_1] useUSB:true 12GHz:false sbPrf:NONE CFreq: 283000000000.1 (SB)
  2024-04-09T14:22:01.940 StandardVLBI FS[BB_2] useUSB:true 12GHz:false sbPrf:NONE CFreq: 284999999999.9 (SB)
  2024-04-09T14:22:01.941 StandardVLBI FS[BB_3] useUSB:true 12GHz:false sbPrf:NONE CFreq: 295000000000.1 (SB)
  2024-04-09T14:22:01.941 StandardVLBI FS[BB_4] useUSB:true 12GHz:false sbPrf:NONE CFreq: 296999999999.9 (SB)
  2024-04-09T14:22:02.363 StandardVLBI ########## VEX SCHEDULE for Exp e24c09 with 1 scans ##########
  2024-04-09T14:22:13.796 StandardVLBI HW FS[BB_1] useUSB:false 12GHz:false sbPrf:LSB CFreq: 283021000000.0 (HW)
  2024-04-09T14:22:13.797 StandardVLBI HW FS[BB_2] useUSB:false 12GHz:false sbPrf:LSB CFreq: 284979000000.0 (HW)
  2024-04-09T14:22:13.798 StandardVLBI HW FS[BB_3] useUSB:true 12GHz:false sbPrf:USB CFreq: 295021000000.0 (HW)
  2024-04-09T14:22:13.799 StandardVLBI HW FS[BB_4] useUSB:true 12GHz:false sbPrf:USB CFreq: 296979000000.0 (HW)
  2024-04-09T14:22:13.799 StandardVLBI HW BB Centers: [283021000000.0, 284979000000.0, 295021000000.0, 296979000000.0]
  2024-04-09T14:22:13.976 StandardVLBI HW FS[BB_1] useUSB:false 12GHz:false sbPrf:LSB CFreq: 335600000000.0 (HW)
  2024-04-09T14:22:13.977 StandardVLBI HW FS[BB_2] useUSB:false 12GHz:false sbPrf:LSB CFreq: 337547650000.0 (HW)
  2024-04-09T14:22:13.978 StandardVLBI HW FS[BB_3] useUSB:true 12GHz:false sbPrf:USB CFreq: 347600000000.0 (HW)
  2024-04-09T14:22:13.979 StandardVLBI HW FS[BB_4] useUSB:true 12GHz:false sbPrf:USB CFreq: 349600000000.0 (HW)
  2024-04-09T14:22:13.982 StandardVLBI HW BB Centers: [335600000000.0, 337547650000.0, 347600000000.0, 349600000000.0]
