  2024-04-11T02:43:26.117 StandardVLBI FS[BB_1] useUSB:true 12GHz:false sbPrf:NONE CFreq: 214250000000.09998 (SB)
  2024-04-11T02:43:26.118 StandardVLBI FS[BB_2] useUSB:true 12GHz:false sbPrf:NONE CFreq: 216249999999.90002 (SB)
  2024-04-11T02:43:26.118 StandardVLBI FS[BB_3] useUSB:true 12GHz:false sbPrf:NONE CFreq: 230250000000.09998 (SB)
  2024-04-11T02:43:26.122 StandardVLBI FS[BB_4] useUSB:true 12GHz:false sbPrf:NONE CFreq: 232249999999.90002 (SB)
  2024-04-11T02:43:26.123 StandardVLBI FS[BB_1] useUSB:true 12GHz:false sbPrf:NONE CFreq: 215595950000.0 (SB)
  2024-04-11T02:43:26.123 StandardVLBI FS[BB_2] useUSB:true 12GHz:false sbPrf:NONE CFreq: 215100000000.0 (SB)
  2024-04-11T02:43:26.123 StandardVLBI FS[BB_3] useUSB:true 12GHz:false sbPrf:NONE CFreq: 214088540000.0 (SB)
  2024-04-11T02:43:26.126 StandardVLBI FS[BB_4] useUSB:true 12GHz:false sbPrf:NONE CFreq: 214385741000.0 (SB)
  2024-04-11T02:43:26.541 StandardVLBI ########## VEX SCHEDULE for Exp e24f11 with 5 scans ##########
  2024-04-11T02:43:36.756 StandardVLBI HW FS[BB_1] useUSB:false 12GHz:true sbPrf:LSB CFreq: 214250000000.09998 (HW)
  2024-04-11T02:43:36.757 StandardVLBI HW FS[BB_2] useUSB:false 12GHz:false sbPrf:LSB CFreq: 216250000000.0 (HW)
  2024-04-11T02:43:36.758 StandardVLBI HW FS[BB_3] useUSB:true 12GHz:false sbPrf:USB CFreq: 230250000000.09998 (HW)
  2024-04-11T02:43:36.759 StandardVLBI HW FS[BB_4] useUSB:true 12GHz:true sbPrf:USB CFreq: 232250000000.0 (HW)
  2024-04-11T02:43:36.954 StandardVLBI HW FS[BB_1] useUSB:false 12GHz:false sbPrf:LSB CFreq: 215591140500.0 (HW)
  2024-04-11T02:43:36.955 StandardVLBI HW FS[BB_2] useUSB:false 12GHz:false sbPrf:LSB CFreq: 215091140500.0 (HW)
  2024-04-11T02:43:36.956 StandardVLBI HW FS[BB_3] useUSB:false 12GHz:true sbPrf:LSB CFreq: 214088540000.0 (HW)
  2024-04-11T02:43:36.957 StandardVLBI HW FS[BB_4] useUSB:false 12GHz:false sbPrf:LSB CFreq: 214385741000.0 (HW)
  2024-04-11T03:39:07.727 StandardVLBI FS[BB_1] useUSB:true 12GHz:false sbPrf:NONE CFreq: 215595950000.0 (SB)
  2024-04-11T03:39:07.727 StandardVLBI FS[BB_2] useUSB:true 12GHz:false sbPrf:NONE CFreq: 215100000000.0 (SB)
  2024-04-11T03:39:07.727 StandardVLBI FS[BB_3] useUSB:true 12GHz:false sbPrf:NONE CFreq: 214088540000.0 (SB)
  2024-04-11T03:39:07.731 StandardVLBI FS[BB_4] useUSB:true 12GHz:false sbPrf:NONE CFreq: 217104980000.0 (SB)
  2024-04-11T03:39:07.733 StandardVLBI FS[BB_1] useUSB:true 12GHz:false sbPrf:NONE CFreq: 214250000000.09998 (SB)
  2024-04-11T03:39:07.733 StandardVLBI FS[BB_2] useUSB:true 12GHz:false sbPrf:NONE CFreq: 216249999999.90002 (SB)
  2024-04-11T03:39:07.733 StandardVLBI FS[BB_3] useUSB:true 12GHz:false sbPrf:NONE CFreq: 230250000000.09998 (SB)
  2024-04-11T03:39:07.736 StandardVLBI FS[BB_4] useUSB:true 12GHz:false sbPrf:NONE CFreq: 232249999999.90002 (SB)
  2024-04-11T03:39:08.158 StandardVLBI ########## VEX SCHEDULE for Exp e24f11 with 4 scans ##########
  2024-04-11T03:39:19.364 StandardVLBI HW FS[BB_1] useUSB:false 12GHz:true sbPrf:LSB CFreq: 214250000000.09998 (HW)
  2024-04-11T03:39:19.365 StandardVLBI HW FS[BB_2] useUSB:false 12GHz:false sbPrf:LSB CFreq: 216250000000.0 (HW)
  2024-04-11T03:39:19.366 StandardVLBI HW FS[BB_3] useUSB:true 12GHz:false sbPrf:USB CFreq: 230250000000.09998 (HW)
  2024-04-11T03:39:19.367 StandardVLBI HW FS[BB_4] useUSB:true 12GHz:true sbPrf:USB CFreq: 232250000000.0 (HW)
  2024-04-11T03:39:19.562 StandardVLBI HW FS[BB_1] useUSB:false 12GHz:false sbPrf:LSB CFreq: 215595950000.0 (HW)
  2024-04-11T03:39:19.563 StandardVLBI HW FS[BB_2] useUSB:false 12GHz:true sbPrf:LSB CFreq: 215100000000.0 (HW)
  2024-04-11T03:39:19.564 StandardVLBI HW FS[BB_3] useUSB:false 12GHz:true sbPrf:LSB CFreq: 214088540000.0 (HW)
  2024-04-11T03:39:19.565 StandardVLBI HW FS[BB_4] useUSB:false 12GHz:false sbPrf:LSB CFreq: 217104980000.0 (HW)
  2024-04-11T04:15:07.943 StandardVLBI FS[BB_1] useUSB:true 12GHz:false sbPrf:NONE CFreq: 214250000000.09998 (SB)
  2024-04-11T04:15:07.943 StandardVLBI FS[BB_2] useUSB:true 12GHz:false sbPrf:NONE CFreq: 216249999999.90002 (SB)
  2024-04-11T04:15:07.943 StandardVLBI FS[BB_3] useUSB:true 12GHz:false sbPrf:NONE CFreq: 230250000000.09998 (SB)
  2024-04-11T04:15:07.947 StandardVLBI FS[BB_4] useUSB:true 12GHz:false sbPrf:NONE CFreq: 232249999999.90002 (SB)
  2024-04-11T04:15:07.949 StandardVLBI FS[BB_1] useUSB:true 12GHz:false sbPrf:NONE CFreq: 215595950000.0 (SB)
  2024-04-11T04:15:07.949 StandardVLBI FS[BB_2] useUSB:true 12GHz:false sbPrf:NONE CFreq: 215100000000.0 (SB)
  2024-04-11T04:15:07.949 StandardVLBI FS[BB_3] useUSB:true 12GHz:false sbPrf:NONE CFreq: 214088540000.0 (SB)
  2024-04-11T04:15:07.953 StandardVLBI FS[BB_4] useUSB:true 12GHz:false sbPrf:NONE CFreq: 214385741000.0 (SB)
  2024-04-11T04:15:08.389 StandardVLBI ########## VEX SCHEDULE for Exp e24f11 with 6 scans ##########
  2024-04-11T04:15:19.432 StandardVLBI HW FS[BB_1] useUSB:false 12GHz:true sbPrf:LSB CFreq: 214250000000.09998 (HW)
  2024-04-11T04:15:19.433 StandardVLBI HW FS[BB_2] useUSB:false 12GHz:false sbPrf:LSB CFreq: 216250000000.0 (HW)
  2024-04-11T04:15:19.434 StandardVLBI HW FS[BB_3] useUSB:true 12GHz:false sbPrf:USB CFreq: 230250000000.09998 (HW)
  2024-04-11T04:15:19.435 StandardVLBI HW FS[BB_4] useUSB:true 12GHz:true sbPrf:USB CFreq: 232250000000.0 (HW)
  2024-04-11T04:15:19.621 StandardVLBI HW FS[BB_1] useUSB:false 12GHz:false sbPrf:LSB CFreq: 215591140500.0 (HW)
  2024-04-11T04:15:19.622 StandardVLBI HW FS[BB_2] useUSB:false 12GHz:false sbPrf:LSB CFreq: 215091140500.0 (HW)
  2024-04-11T04:15:19.623 StandardVLBI HW FS[BB_3] useUSB:false 12GHz:true sbPrf:LSB CFreq: 214088540000.0 (HW)
  2024-04-11T04:15:19.624 StandardVLBI HW FS[BB_4] useUSB:false 12GHz:false sbPrf:LSB CFreq: 214385741000.0 (HW)
  2024-04-11T05:12:39.034 StandardVLBI FS[BB_1] useUSB:true 12GHz:false sbPrf:NONE CFreq: 214250000000.09998 (SB)
  2024-04-11T05:12:39.034 StandardVLBI FS[BB_2] useUSB:true 12GHz:false sbPrf:NONE CFreq: 216249999999.90002 (SB)
  2024-04-11T05:12:39.034 StandardVLBI FS[BB_3] useUSB:true 12GHz:false sbPrf:NONE CFreq: 230250000000.09998 (SB)
  2024-04-11T05:12:39.035 StandardVLBI FS[BB_4] useUSB:true 12GHz:false sbPrf:NONE CFreq: 232249999999.90002 (SB)
  2024-04-11T05:12:39.039 StandardVLBI FS[BB_1] useUSB:true 12GHz:false sbPrf:NONE CFreq: 215595950000.0 (SB)
  2024-04-11T05:12:39.040 StandardVLBI FS[BB_2] useUSB:true 12GHz:false sbPrf:NONE CFreq: 215100000000.0 (SB)
  2024-04-11T05:12:39.040 StandardVLBI FS[BB_3] useUSB:true 12GHz:false sbPrf:NONE CFreq: 214088540000.0 (SB)
  2024-04-11T05:12:39.040 StandardVLBI FS[BB_4] useUSB:true 12GHz:false sbPrf:NONE CFreq: 214385741000.0 (SB)
  2024-04-11T05:12:39.477 StandardVLBI ########## VEX SCHEDULE for Exp e24f11 with 5 scans ##########
  2024-04-11T05:12:49.796 StandardVLBI HW FS[BB_1] useUSB:false 12GHz:true sbPrf:LSB CFreq: 214250000000.09998 (HW)
  2024-04-11T05:12:49.797 StandardVLBI HW FS[BB_2] useUSB:false 12GHz:false sbPrf:LSB CFreq: 216250000000.0 (HW)
  2024-04-11T05:12:49.798 StandardVLBI HW FS[BB_3] useUSB:true 12GHz:false sbPrf:USB CFreq: 230250000000.09998 (HW)
  2024-04-11T05:12:49.799 StandardVLBI HW FS[BB_4] useUSB:true 12GHz:true sbPrf:USB CFreq: 232250000000.0 (HW)
  2024-04-11T05:12:49.982 StandardVLBI HW FS[BB_1] useUSB:false 12GHz:false sbPrf:LSB CFreq: 215591140500.0 (HW)
  2024-04-11T05:12:49.983 StandardVLBI HW FS[BB_2] useUSB:false 12GHz:false sbPrf:LSB CFreq: 215091140500.0 (HW)
  2024-04-11T05:12:49.984 StandardVLBI HW FS[BB_3] useUSB:false 12GHz:true sbPrf:LSB CFreq: 214088540000.0 (HW)
  2024-04-11T05:12:49.985 StandardVLBI HW FS[BB_4] useUSB:false 12GHz:false sbPrf:LSB CFreq: 214385741000.0 (HW)
  2024-04-11T06:21:50.501 StandardVLBI FS[BB_1] useUSB:true 12GHz:false sbPrf:NONE CFreq: 214250000000.09998 (SB)
  2024-04-11T06:21:50.501 StandardVLBI FS[BB_2] useUSB:true 12GHz:false sbPrf:NONE CFreq: 216249999999.90002 (SB)
  2024-04-11T06:21:50.501 StandardVLBI FS[BB_3] useUSB:true 12GHz:false sbPrf:NONE CFreq: 230250000000.09998 (SB)
  2024-04-11T06:21:50.505 StandardVLBI FS[BB_4] useUSB:true 12GHz:false sbPrf:NONE CFreq: 232249999999.90002 (SB)
  2024-04-11T06:21:50.506 StandardVLBI FS[BB_1] useUSB:true 12GHz:false sbPrf:NONE CFreq: 215595950000.0 (SB)
  2024-04-11T06:21:50.507 StandardVLBI FS[BB_2] useUSB:true 12GHz:false sbPrf:NONE CFreq: 215100000000.0 (SB)
  2024-04-11T06:21:50.507 StandardVLBI FS[BB_3] useUSB:true 12GHz:false sbPrf:NONE CFreq: 214088540000.0 (SB)
  2024-04-11T06:21:50.510 StandardVLBI FS[BB_4] useUSB:true 12GHz:false sbPrf:NONE CFreq: 214385741000.0 (SB)
  2024-04-11T06:21:50.931 StandardVLBI ########## VEX SCHEDULE for Exp e24f11 with 1 scans ##########
  2024-04-11T06:22:01.222 StandardVLBI HW FS[BB_1] useUSB:false 12GHz:true sbPrf:LSB CFreq: 214250000000.09998 (HW)
  2024-04-11T06:22:01.223 StandardVLBI HW FS[BB_2] useUSB:false 12GHz:false sbPrf:LSB CFreq: 216250000000.0 (HW)
  2024-04-11T06:22:01.224 StandardVLBI HW FS[BB_3] useUSB:true 12GHz:false sbPrf:USB CFreq: 230250000000.09998 (HW)
  2024-04-11T06:22:01.224 StandardVLBI HW FS[BB_4] useUSB:true 12GHz:true sbPrf:USB CFreq: 232250000000.0 (HW)
  2024-04-11T06:22:01.411 StandardVLBI HW FS[BB_1] useUSB:false 12GHz:false sbPrf:LSB CFreq: 215591140500.0 (HW)
  2024-04-11T06:22:01.412 StandardVLBI HW FS[BB_2] useUSB:false 12GHz:false sbPrf:LSB CFreq: 215091140500.0 (HW)
  2024-04-11T06:22:01.412 StandardVLBI HW FS[BB_3] useUSB:false 12GHz:true sbPrf:LSB CFreq: 214088540000.0 (HW)
  2024-04-11T06:22:01.413 StandardVLBI HW FS[BB_4] useUSB:false 12GHz:false sbPrf:LSB CFreq: 214385741000.0 (HW)
  2024-04-11T06:40:37.684 StandardVLBI FS[BB_1] useUSB:true 12GHz:false sbPrf:NONE CFreq: 215595950000.0 (SB)
  2024-04-11T06:40:37.684 StandardVLBI FS[BB_2] useUSB:true 12GHz:false sbPrf:NONE CFreq: 215100000000.0 (SB)
  2024-04-11T06:40:37.684 StandardVLBI FS[BB_3] useUSB:true 12GHz:false sbPrf:NONE CFreq: 214088540000.0 (SB)
  2024-04-11T06:40:37.688 StandardVLBI FS[BB_4] useUSB:true 12GHz:false sbPrf:NONE CFreq: 214385741000.0 (SB)
  2024-04-11T06:40:37.689 StandardVLBI FS[BB_1] useUSB:true 12GHz:false sbPrf:NONE CFreq: 214250000000.09998 (SB)
  2024-04-11T06:40:37.689 StandardVLBI FS[BB_2] useUSB:true 12GHz:false sbPrf:NONE CFreq: 216249999999.90002 (SB)
  2024-04-11T06:40:37.690 StandardVLBI FS[BB_3] useUSB:true 12GHz:false sbPrf:NONE CFreq: 230250000000.09998 (SB)
  2024-04-11T06:40:37.694 StandardVLBI FS[BB_4] useUSB:true 12GHz:false sbPrf:NONE CFreq: 232249999999.90002 (SB)
  2024-04-11T06:40:38.118 StandardVLBI ########## VEX SCHEDULE for Exp e24f11 with 4 scans ##########
  2024-04-11T06:40:48.199 StandardVLBI HW FS[BB_1] useUSB:false 12GHz:true sbPrf:LSB CFreq: 214250000000.09998 (HW)
  2024-04-11T06:40:48.200 StandardVLBI HW FS[BB_2] useUSB:false 12GHz:false sbPrf:LSB CFreq: 216250000000.0 (HW)
  2024-04-11T06:40:48.201 StandardVLBI HW FS[BB_3] useUSB:true 12GHz:false sbPrf:USB CFreq: 230250000000.09998 (HW)
  2024-04-11T06:40:48.202 StandardVLBI HW FS[BB_4] useUSB:true 12GHz:true sbPrf:USB CFreq: 232250000000.0 (HW)
  2024-04-11T06:40:48.386 StandardVLBI HW FS[BB_1] useUSB:false 12GHz:false sbPrf:LSB CFreq: 215591140500.0 (HW)
  2024-04-11T06:40:48.387 StandardVLBI HW FS[BB_2] useUSB:false 12GHz:false sbPrf:LSB CFreq: 215091140500.0 (HW)
  2024-04-11T06:40:48.387 StandardVLBI HW FS[BB_3] useUSB:false 12GHz:true sbPrf:LSB CFreq: 214088540000.0 (HW)
  2024-04-11T06:40:48.388 StandardVLBI HW FS[BB_4] useUSB:false 12GHz:false sbPrf:LSB CFreq: 214385741000.0 (HW)
  2024-04-11T07:23:35.155 StandardVLBI FS[BB_1] useUSB:true 12GHz:false sbPrf:NONE CFreq: 215595950000.0 (SB)
  2024-04-11T07:23:35.155 StandardVLBI FS[BB_2] useUSB:true 12GHz:false sbPrf:NONE CFreq: 215100000000.0 (SB)
  2024-04-11T07:23:35.155 StandardVLBI FS[BB_3] useUSB:true 12GHz:false sbPrf:NONE CFreq: 214088540000.0 (SB)
  2024-04-11T07:23:35.159 StandardVLBI FS[BB_4] useUSB:true 12GHz:false sbPrf:NONE CFreq: 214385741000.0 (SB)
  2024-04-11T07:23:35.161 StandardVLBI FS[BB_1] useUSB:true 12GHz:false sbPrf:NONE CFreq: 214250000000.09998 (SB)
  2024-04-11T07:23:35.161 StandardVLBI FS[BB_2] useUSB:true 12GHz:false sbPrf:NONE CFreq: 216249999999.90002 (SB)
  2024-04-11T07:23:35.161 StandardVLBI FS[BB_3] useUSB:true 12GHz:false sbPrf:NONE CFreq: 230250000000.09998 (SB)
  2024-04-11T07:23:35.164 StandardVLBI FS[BB_4] useUSB:true 12GHz:false sbPrf:NONE CFreq: 232249999999.90002 (SB)
  2024-04-11T07:23:35.584 StandardVLBI ########## VEX SCHEDULE for Exp e24f11 with 4 scans ##########
  2024-04-11T07:23:45.845 StandardVLBI HW FS[BB_1] useUSB:false 12GHz:true sbPrf:LSB CFreq: 214250000000.09998 (HW)
  2024-04-11T07:23:45.846 StandardVLBI HW FS[BB_2] useUSB:false 12GHz:false sbPrf:LSB CFreq: 216250000000.0 (HW)
  2024-04-11T07:23:45.847 StandardVLBI HW FS[BB_3] useUSB:true 12GHz:false sbPrf:USB CFreq: 230250000000.09998 (HW)
  2024-04-11T07:23:45.848 StandardVLBI HW FS[BB_4] useUSB:true 12GHz:true sbPrf:USB CFreq: 232250000000.0 (HW)
  2024-04-11T07:23:46.030 StandardVLBI HW FS[BB_1] useUSB:false 12GHz:false sbPrf:LSB CFreq: 215591140500.0 (HW)
  2024-04-11T07:23:46.031 StandardVLBI HW FS[BB_2] useUSB:false 12GHz:false sbPrf:LSB CFreq: 215091140500.0 (HW)
  2024-04-11T07:23:46.032 StandardVLBI HW FS[BB_3] useUSB:false 12GHz:true sbPrf:LSB CFreq: 214088540000.0 (HW)
  2024-04-11T07:23:46.033 StandardVLBI HW FS[BB_4] useUSB:false 12GHz:false sbPrf:LSB CFreq: 214385741000.0 (HW)
  2024-04-11T08:08:34.227 StandardVLBI FS[BB_1] useUSB:true 12GHz:false sbPrf:NONE CFreq: 215595950000.0 (SB)
  2024-04-11T08:08:34.228 StandardVLBI FS[BB_2] useUSB:true 12GHz:false sbPrf:NONE CFreq: 215100000000.0 (SB)
  2024-04-11T08:08:34.228 StandardVLBI FS[BB_3] useUSB:true 12GHz:false sbPrf:NONE CFreq: 214088540000.0 (SB)
  2024-04-11T08:08:34.232 StandardVLBI FS[BB_4] useUSB:true 12GHz:false sbPrf:NONE CFreq: 214385741000.0 (SB)
  2024-04-11T08:08:34.234 StandardVLBI FS[BB_1] useUSB:true 12GHz:false sbPrf:NONE CFreq: 214250000000.09998 (SB)
  2024-04-11T08:08:34.234 StandardVLBI FS[BB_2] useUSB:true 12GHz:false sbPrf:NONE CFreq: 216249999999.90002 (SB)
  2024-04-11T08:08:34.234 StandardVLBI FS[BB_3] useUSB:true 12GHz:false sbPrf:NONE CFreq: 230250000000.09998 (SB)
  2024-04-11T08:08:34.238 StandardVLBI FS[BB_4] useUSB:true 12GHz:false sbPrf:NONE CFreq: 232249999999.90002 (SB)
  2024-04-11T08:08:34.650 StandardVLBI ########## VEX SCHEDULE for Exp e24f11 with 5 scans ##########
  2024-04-11T08:08:44.844 StandardVLBI HW FS[BB_1] useUSB:false 12GHz:true sbPrf:LSB CFreq: 214250000000.09998 (HW)
  2024-04-11T08:08:44.845 StandardVLBI HW FS[BB_2] useUSB:false 12GHz:false sbPrf:LSB CFreq: 216250000000.0 (HW)
  2024-04-11T08:08:44.846 StandardVLBI HW FS[BB_3] useUSB:true 12GHz:false sbPrf:USB CFreq: 230250000000.09998 (HW)
  2024-04-11T08:08:44.846 StandardVLBI HW FS[BB_4] useUSB:true 12GHz:true sbPrf:USB CFreq: 232250000000.0 (HW)
  2024-04-11T08:08:45.030 StandardVLBI HW FS[BB_1] useUSB:false 12GHz:false sbPrf:LSB CFreq: 215591140500.0 (HW)
  2024-04-11T08:08:45.030 StandardVLBI HW FS[BB_2] useUSB:false 12GHz:false sbPrf:LSB CFreq: 215091140500.0 (HW)
  2024-04-11T08:08:45.031 StandardVLBI HW FS[BB_3] useUSB:false 12GHz:true sbPrf:LSB CFreq: 214088540000.0 (HW)
  2024-04-11T08:08:45.032 StandardVLBI HW FS[BB_4] useUSB:false 12GHz:false sbPrf:LSB CFreq: 214385741000.0 (HW)
